#! /c/Source/iverilog-install/bin/vvp
:ivl_version "12.0 (devel)" "(s20150603-1539-g2693dd32b)";
:ivl_delay_selection "TYPICAL";
:vpi_time_precision + 0;
:vpi_module "C:\iverilog\lib\ivl\system.vpi";
:vpi_module "C:\iverilog\lib\ivl\vhdl_sys.vpi";
:vpi_module "C:\iverilog\lib\ivl\vhdl_textio.vpi";
:vpi_module "C:\iverilog\lib\ivl\v2005_math.vpi";
:vpi_module "C:\iverilog\lib\ivl\va_math.vpi";
S_000001601036e5a0 .scope module, "tb_motor_fault" "tb_motor_fault" 2 1;
 .timescale 0 0;
v000001601029f900_0 .var "clk", 0 0;
v00000160102a0210_0 .net "fault", 1 0, v0000016010244cb0_0;  1 drivers
v00000160102a00d0_0 .var "mode", 1 0;
v00000160102a03f0_0 .net "rms", 31 0, v00000160102448a0_0;  1 drivers
v00000160102a0170_0 .var "rst", 0 0;
v00000160102a05d0_0 .net/s "signal", 15 0, v0000016010366690_0;  1 drivers
S_000001601036e730 .scope module, "U1" "motor_signal" 2 11, 3 1 0, S_000001601036e5a0;
 .timescale 0 0;
    .port_info 0 /INPUT 1 "clk";
    .port_info 1 /INPUT 1 "rst";
    .port_info 2 /INPUT 2 "mode";
    .port_info 3 /OUTPUT 16 "signal";
v000001601036bdb0_0 .net "clk", 0 0, v000001601029f900_0;  1 drivers
v000001601036bef0_0 .var "idx", 3 0;
v000001601036e8c0_0 .net "mode", 1 0, v00000160102a00d0_0;  1 drivers
v000001601036e960_0 .net "rst", 0 0, v00000160102a0170_0;  1 drivers
v0000016010366690_0 .var/s "signal", 15 0;
v0000016010366730 .array/s "sine_lut", 15 0, 15 0;
E_00000160102370f0 .event posedge, v000001601036bdb0_0;
S_00000160103667d0 .scope module, "U2" "feature_extract" 2 12, 4 1 0, S_000001601036e5a0;
 .timescale 0 0;
    .port_info 0 /INPUT 1 "clk";
    .port_info 1 /INPUT 1 "rst";
    .port_info 2 /INPUT 16 "signal";
    .port_info 3 /OUTPUT 32 "rms";
v0000016010366960_0 .net "clk", 0 0, v000001601029f900_0;  alias, 1 drivers
v0000016010366a00_0 .var "count", 9 0;
v00000160102448a0_0 .var "rms", 31 0;
v0000016010244940_0 .net "rst", 0 0, v00000160102a0170_0;  alias, 1 drivers
v00000160102449e0_0 .net/s "signal", 15 0, v0000016010366690_0;  alias, 1 drivers
v0000016010244a80_0 .var "sum_sq", 31 0;
S_0000016010244b20 .scope module, "U3" "classifier" 2 13, 5 1 0, S_000001601036e5a0;
 .timescale 0 0;
    .port_info 0 /INPUT 32 "rms";
    .port_info 1 /OUTPUT 2 "fault";
v0000016010244cb0_0 .var "fault", 1 0;
v000001601029f860_0 .net "rms", 31 0, v00000160102448a0_0;  alias, 1 drivers
E_0000016010237430 .event anyedge, v00000160102448a0_0;
    .scope S_000001601036e730;
T_0 ;
    %pushi/vec4 0, 0, 16;
    %ix/load 4, 0, 0;
    %flag_set/imm 4, 0;
    %store/vec4a v0000016010366730, 4, 0;
    %pushi/vec4 383, 0, 16;
    %ix/load 4, 1, 0;
    %flag_set/imm 4, 0;
    %store/vec4a v0000016010366730, 4, 0;
    %pushi/vec4 707, 0, 16;
    %ix/load 4, 2, 0;
    %flag_set/imm 4, 0;
    %store/vec4a v0000016010366730, 4, 0;
    %pushi/vec4 923, 0, 16;
    %ix/load 4, 3, 0;
    %flag_set/imm 4, 0;
    %store/vec4a v0000016010366730, 4, 0;
    %pushi/vec4 1000, 0, 16;
    %ix/load 4, 4, 0;
    %flag_set/imm 4, 0;
    %store/vec4a v0000016010366730, 4, 0;
    %pushi/vec4 923, 0, 16;
    %ix/load 4, 5, 0;
    %flag_set/imm 4, 0;
    %store/vec4a v0000016010366730, 4, 0;
    %pushi/vec4 707, 0, 16;
    %ix/load 4, 6, 0;
    %flag_set/imm 4, 0;
    %store/vec4a v0000016010366730, 4, 0;
    %pushi/vec4 383, 0, 16;
    %ix/load 4, 7, 0;
    %flag_set/imm 4, 0;
    %store/vec4a v0000016010366730, 4, 0;
    %pushi/vec4 0, 0, 16;
    %ix/load 4, 8, 0;
    %flag_set/imm 4, 0;
    %store/vec4a v0000016010366730, 4, 0;
    %pushi/vec4 65153, 0, 16;
    %ix/load 4, 9, 0;
    %flag_set/imm 4, 0;
    %store/vec4a v0000016010366730, 4, 0;
    %pushi/vec4 64829, 0, 16;
    %ix/load 4, 10, 0;
    %flag_set/imm 4, 0;
    %store/vec4a v0000016010366730, 4, 0;
    %pushi/vec4 64613, 0, 16;
    %ix/load 4, 11, 0;
    %flag_set/imm 4, 0;
    %store/vec4a v0000016010366730, 4, 0;
    %pushi/vec4 64536, 0, 16;
    %ix/load 4, 12, 0;
    %flag_set/imm 4, 0;
    %store/vec4a v0000016010366730, 4, 0;
    %pushi/vec4 64613, 0, 16;
    %ix/load 4, 13, 0;
    %flag_set/imm 4, 0;
    %store/vec4a v0000016010366730, 4, 0;
    %pushi/vec4 64829, 0, 16;
    %ix/load 4, 14, 0;
    %flag_set/imm 4, 0;
    %store/vec4a v0000016010366730, 4, 0;
    %pushi/vec4 65153, 0, 16;
    %ix/load 4, 15, 0;
    %flag_set/imm 4, 0;
    %store/vec4a v0000016010366730, 4, 0;
    %end;
    .thread T_0;
    .scope S_000001601036e730;
T_1 ;
    %wait E_00000160102370f0;
    %load/vec4 v000001601036e960_0;
    %flag_set/vec4 8;
    %jmp/0xz  T_1.0, 8;
    %pushi/vec4 0, 0, 4;
    %assign/vec4 v000001601036bef0_0, 0;
    %pushi/vec4 0, 0, 16;
    %assign/vec4 v0000016010366690_0, 0;
    %jmp T_1.1;
T_1.0 ;
    %load/vec4 v000001601036bef0_0;
    %addi 1, 0, 4;
    %assign/vec4 v000001601036bef0_0, 0;
    %load/vec4 v000001601036e8c0_0;
    %dup/vec4;
    %pushi/vec4 0, 0, 2;
    %cmp/u;
    %jmp/1 T_1.2, 6;
    %dup/vec4;
    %pushi/vec4 1, 0, 2;
    %cmp/u;
    %jmp/1 T_1.3, 6;
    %dup/vec4;
    %pushi/vec4 2, 0, 2;
    %cmp/u;
    %jmp/1 T_1.4, 6;
    %dup/vec4;
    %pushi/vec4 3, 0, 2;
    %cmp/u;
    %jmp/1 T_1.5, 6;
    %jmp T_1.6;
T_1.2 ;
    %load/vec4 v000001601036bef0_0;
    %pad/u 6;
    %ix/vec4 4;
    %load/vec4a v0000016010366730, 4;
    %assign/vec4 v0000016010366690_0, 0;
    %jmp T_1.6;
T_1.3 ;
    %load/vec4 v000001601036bef0_0;
    %pad/u 6;
    %ix/vec4 4;
    %load/vec4a v0000016010366730, 4;
    %addi 200, 0, 16;
    %assign/vec4 v0000016010366690_0, 0;
    %jmp T_1.6;
T_1.4 ;
    %load/vec4 v000001601036bef0_0;
    %pad/u 6;
    %ix/vec4 4;
    %load/vec4a v0000016010366730, 4;
    %load/vec4 v000001601036bef0_0;
    %pad/u 16;
    %muli 20, 0, 16;
    %add;
    %assign/vec4 v0000016010366690_0, 0;
    %jmp T_1.6;
T_1.5 ;
    %load/vec4 v000001601036bef0_0;
    %pad/u 6;
    %ix/vec4 4;
    %load/vec4a v0000016010366730, 4;
    %subi 300, 0, 16;
    %assign/vec4 v0000016010366690_0, 0;
    %jmp T_1.6;
T_1.6 ;
    %pop/vec4 1;
T_1.1 ;
    %jmp T_1;
    .thread T_1;
    .scope S_00000160103667d0;
T_2 ;
    %wait E_00000160102370f0;
    %load/vec4 v0000016010244940_0;
    %flag_set/vec4 8;
    %jmp/0xz  T_2.0, 8;
    %pushi/vec4 0, 0, 32;
    %assign/vec4 v0000016010244a80_0, 0;
    %pushi/vec4 0, 0, 10;
    %assign/vec4 v0000016010366a00_0, 0;
    %pushi/vec4 0, 0, 32;
    %assign/vec4 v00000160102448a0_0, 0;
    %jmp T_2.1;
T_2.0 ;
    %load/vec4 v0000016010244a80_0;
    %load/vec4 v00000160102449e0_0;
    %pad/u 32;
    %load/vec4 v00000160102449e0_0;
    %pad/u 32;
    %mul;
    %add;
    %assign/vec4 v0000016010244a80_0, 0;
    %load/vec4 v0000016010366a00_0;
    %addi 1, 0, 10;
    %assign/vec4 v0000016010366a00_0, 0;
    %load/vec4 v0000016010366a00_0;
    %pad/u 32;
    %cmpi/e 1023, 0, 32;
    %jmp/0xz  T_2.2, 4;
    %load/vec4 v0000016010244a80_0;
    %ix/load 4, 10, 0;
    %flag_set/imm 4, 0;
    %shiftr 4;
    %assign/vec4 v00000160102448a0_0, 0;
    %pushi/vec4 0, 0, 32;
    %assign/vec4 v0000016010244a80_0, 0;
    %pushi/vec4 0, 0, 10;
    %assign/vec4 v0000016010366a00_0, 0;
T_2.2 ;
T_2.1 ;
    %jmp T_2;
    .thread T_2;
    .scope S_0000016010244b20;
T_3 ;
    %wait E_0000016010237430;
    %load/vec4 v000001601029f860_0;
    %cmpi/u 100000, 0, 32;
    %jmp/0xz  T_3.0, 5;
    %pushi/vec4 0, 0, 2;
    %store/vec4 v0000016010244cb0_0, 0, 2;
    %jmp T_3.1;
T_3.0 ;
    %load/vec4 v000001601029f860_0;
    %cmpi/u 200000, 0, 32;
    %jmp/0xz  T_3.2, 5;
    %pushi/vec4 1, 0, 2;
    %store/vec4 v0000016010244cb0_0, 0, 2;
    %jmp T_3.3;
T_3.2 ;
    %load/vec4 v000001601029f860_0;
    %cmpi/u 300000, 0, 32;
    %jmp/0xz  T_3.4, 5;
    %pushi/vec4 2, 0, 2;
    %store/vec4 v0000016010244cb0_0, 0, 2;
    %jmp T_3.5;
T_3.4 ;
    %pushi/vec4 3, 0, 2;
    %store/vec4 v0000016010244cb0_0, 0, 2;
T_3.5 ;
T_3.3 ;
T_3.1 ;
    %jmp T_3;
    .thread T_3, $push;
    .scope S_000001601036e5a0;
T_4 ;
    %delay 5, 0;
    %load/vec4 v000001601029f900_0;
    %inv;
    %store/vec4 v000001601029f900_0, 0, 1;
    %jmp T_4;
    .thread T_4;
    .scope S_000001601036e5a0;
T_5 ;
    %pushi/vec4 0, 0, 1;
    %store/vec4 v000001601029f900_0, 0, 1;
    %pushi/vec4 1, 0, 1;
    %store/vec4 v00000160102a0170_0, 0, 1;
    %pushi/vec4 0, 0, 2;
    %store/vec4 v00000160102a00d0_0, 0, 2;
    %vpi_call 2 23 "$dumpfile", "motor.vcd" {0 0 0};
    %vpi_call 2 24 "$dumpvars", 32'sb00000000000000000000000000000000, S_000001601036e5a0 {0 0 0};
    %delay 50, 0;
    %pushi/vec4 0, 0, 1;
    %store/vec4 v00000160102a0170_0, 0, 1;
    %delay 2000, 0;
    %pushi/vec4 0, 0, 2;
    %store/vec4 v00000160102a00d0_0, 0, 2;
    %delay 2000, 0;
    %pushi/vec4 1, 0, 2;
    %store/vec4 v00000160102a00d0_0, 0, 2;
    %delay 2000, 0;
    %pushi/vec4 2, 0, 2;
    %store/vec4 v00000160102a00d0_0, 0, 2;
    %delay 2000, 0;
    %pushi/vec4 3, 0, 2;
    %store/vec4 v00000160102a00d0_0, 0, 2;
    %delay 2000, 0;
    %vpi_call 2 36 "$finish" {0 0 0};
    %end;
    .thread T_5;
# The file index is used to find the file name in the table.

:file_names 6;
    "N/A";
    "<interactive>";
    "tb_motor_fault.v";
    "motor_signal.v";
    "feature_extract.v";
    "classifier.v";

